0 info it worked if it ends with ok
1 verbose cli [ 'C:\\Program Files\\nodejs\\\\node.exe',
1 verbose cli   'C:\\Program Files\\nodejs\\node_modules\\npm\\bin\\npm-cli.js',
1 verbose cli   'install',
1 verbose cli   '--save-dev',
1 verbose cli   'gulp-jshin' ]
2 info using npm@1.4.28
3 info using node@v0.10.33
4 verbose node symlink C:\Program Files\nodejs\\node.exe
5 verbose cache add [ 'gulp-jshin', null ]
6 verbose cache add name=undefined spec="gulp-jshin" args=["gulp-jshin",null]
7 verbose parsed url { protocol: null,
7 verbose parsed url   slashes: null,
7 verbose parsed url   auth: null,
7 verbose parsed url   host: null,
7 verbose parsed url   port: null,
7 verbose parsed url   hostname: null,
7 verbose parsed url   hash: null,
7 verbose parsed url   search: null,
7 verbose parsed url   query: null,
7 verbose parsed url   pathname: 'gulp-jshin',
7 verbose parsed url   path: 'gulp-jshin',
7 verbose parsed url   href: 'gulp-jshin' }
8 silly lockFile 28e84d6f-gulp-jshin gulp-jshin
9 verbose lock gulp-jshin C:\Users\Rubén\AppData\Roaming\npm-cache\28e84d6f-gulp-jshin.lock
10 silly lockFile 28e84d6f-gulp-jshin gulp-jshin
11 silly lockFile 28e84d6f-gulp-jshin gulp-jshin
12 verbose addNamed [ 'gulp-jshin', '' ]
13 verbose addNamed [ null, '*' ]
14 silly lockFile 10450804-gulp-jshin gulp-jshin@
15 verbose lock gulp-jshin@ C:\Users\Rubén\AppData\Roaming\npm-cache\10450804-gulp-jshin.lock
16 silly addNameRange { name: 'gulp-jshin', range: '*', hasData: false }
17 verbose request where is /gulp-jshin
18 verbose request registry https://registry.npmjs.org/
19 verbose request id 0d89f1c867f18735
20 verbose url raw /gulp-jshin
21 verbose url resolving [ 'https://registry.npmjs.org/', './gulp-jshin' ]
22 verbose url resolved https://registry.npmjs.org/gulp-jshin
23 verbose request where is https://registry.npmjs.org/gulp-jshin
24 info trying registry request attempt 1 at 13:53:51
25 http GET https://registry.npmjs.org/gulp-jshin
26 http 404 https://registry.npmjs.org/gulp-jshin
27 verbose headers { date: 'Mon, 08 Dec 2014 19:53:52 GMT',
27 verbose headers   server: 'CouchDB/1.5.0 (Erlang OTP/R16B03)',
27 verbose headers   'content-type': 'application/json',
27 verbose headers   'cache-control': 'max-age=0',
27 verbose headers   'content-length': '52',
27 verbose headers   'accept-ranges': 'bytes',
27 verbose headers   via: '1.1 varnish',
27 verbose headers   age: '0',
27 verbose headers   'x-served-by': 'cache-iad2138-IAD',
27 verbose headers   'x-cache': 'MISS',
27 verbose headers   'x-cache-hits': '0',
27 verbose headers   'x-timer': 'S1418068432.129939,VS0,VE55',
27 verbose headers   'keep-alive': 'timeout=10, max=50',
27 verbose headers   connection: 'Keep-Alive' }
28 silly registry.get cb [ 404,
28 silly registry.get   { date: 'Mon, 08 Dec 2014 19:53:52 GMT',
28 silly registry.get     server: 'CouchDB/1.5.0 (Erlang OTP/R16B03)',
28 silly registry.get     'content-type': 'application/json',
28 silly registry.get     'cache-control': 'max-age=0',
28 silly registry.get     'content-length': '52',
28 silly registry.get     'accept-ranges': 'bytes',
28 silly registry.get     via: '1.1 varnish',
28 silly registry.get     age: '0',
28 silly registry.get     'x-served-by': 'cache-iad2138-IAD',
28 silly registry.get     'x-cache': 'MISS',
28 silly registry.get     'x-cache-hits': '0',
28 silly registry.get     'x-timer': 'S1418068432.129939,VS0,VE55',
28 silly registry.get     'keep-alive': 'timeout=10, max=50',
28 silly registry.get     connection: 'Keep-Alive' } ]
29 silly lockFile 10450804-gulp-jshin gulp-jshin@
30 silly lockFile 10450804-gulp-jshin gulp-jshin@
31 error 404 404 Not Found: gulp-jshin
31 error 404
31 error 404 'gulp-jshin' is not in the npm registry.
31 error 404 You should bug the author to publish it
31 error 404
31 error 404 Note that you can also install from a
31 error 404 tarball, folder, or http url, or git url.
32 error System Windows_NT 6.2.9200
33 error command "C:\\Program Files\\nodejs\\\\node.exe" "C:\\Program Files\\nodejs\\node_modules\\npm\\bin\\npm-cli.js" "install" "--save-dev" "gulp-jshin"
34 error cwd C:\Users\Rubén\Documents\GitHub\FiX\server
35 error node -v v0.10.33
36 error npm -v 1.4.28
37 error code E404
38 verbose exit [ 1, true ]
